<?xml version="1.0" encoding="UTF-8"?>
<!-- Generated by org.testng.reporters.JUnitReportReporter -->
<testsuite hostname="12LAP5CG9315CFG" failures="0" tests="1" name="it.smartpaper.RestAssuredTest.RestAssuredTest" time="3.008" errors="0" timestamp="2024-06-06T14:04:56 CEST" skipped="0">
  <testcase classname="it.smartpaper.RestAssuredTest.RestAssuredTest" name="queryParameter" time="3.008"/>
</testsuite> <!-- it.smartpaper.RestAssuredTest.RestAssuredTest -->
