<?xml version="1.0" encoding="UTF-8"?>
<!-- Generated by org.testng.reporters.JUnitReportReporter -->
<testsuite hostname="12LAP5CG9315CFG" failures="0" tests="2" name="it.smartpaper.TestUtilità.ApachePoiTest" time="0.195" errors="0" timestamp="2024-06-10T09:56:18 CEST" skipped="0">
  <testcase classname="it.smartpaper.TestUtilità.ApachePoiTest" name="testWriteExcel" time="0.080"/>
  <testcase classname="it.smartpaper.TestUtilità.ApachePoiTest" name="testReadExcel" time="0.115"/>
</testsuite> <!-- it.smartpaper.TestUtilità.ApachePoiTest -->
