<?xml version="1.0" encoding="UTF-8"?>
<!-- Generated by org.testng.reporters.JUnitReportReporter -->
<testsuite hostname="12LAP5CG9315CFG" failures="0" tests="2" name="it.smartpaper.TestUtilità.JsonTest" time="0.040" errors="0" timestamp="2024-06-10T10:10:08 CEST" skipped="0">
  <testcase classname="it.smartpaper.TestUtilità.JsonTest" name="testReadJSON" time="0.016"/>
  <testcase classname="it.smartpaper.TestUtilità.JsonTest" name="testWriteJSON" time="0.024"/>
</testsuite> <!-- it.smartpaper.TestUtilità.JsonTest -->
