<?xml version="1.0" encoding="UTF-8"?>
<!-- Generated by org.testng.reporters.JUnitReportReporter -->
<testsuite hostname="12LAP5CG9315CFG" failures="0" tests="6" name="it.smartpaper.RestAssuredTest.RestAssuredTestII" time="4.844" errors="0" timestamp="2024-06-07T12:21:01 CEST" skipped="0">
  <testcase classname="it.smartpaper.RestAssuredTest.RestAssuredTestII" name="AuthenticationBasics" time="2.308"/>
  <testcase classname="it.smartpaper.RestAssuredTest.RestAssuredTestII" name="UserRegistrationSerializz" time="0.284"/>
  <testcase classname="it.smartpaper.RestAssuredTest.RestAssuredTestII" name="getUserData" time="0.759"/>
  <testcase classname="it.smartpaper.RestAssuredTest.RestAssuredTestII" name="getData" time="0.932"/>
  <testcase classname="it.smartpaper.RestAssuredTest.RestAssuredTestII" name="UserRegistrationDese" time="0.268"/>
  <testcase classname="it.smartpaper.RestAssuredTest.RestAssuredTestII" name="UserRegistration" time="0.293"/>
</testsuite> <!-- it.smartpaper.RestAssuredTest.RestAssuredTestII -->
