<?xml version="1.0" encoding="UTF-8"?>
<!-- Generated by org.testng.reporters.JUnitReportReporter -->
<testsuite hostname="12LAP5CG9315CFG" failures="0" tests="1" name="it.smartpaper.apiTests.E2E_Tests" time="2.960" errors="0" timestamp="2024-06-07T12:26:45 CEST" skipped="0">
  <testcase classname="it.smartpaper.apiTests.E2E_Tests" name="RegistrationSuccessful" time="2.960"/>
</testsuite> <!-- it.smartpaper.apiTests.E2E_Tests -->
